<?xml version="1.0" encoding="UTF-8"?>
<!-- Generated by org.testng.reporters.JUnitXMLReporter -->
<testsuite ignored="4" hostname="DESKTOP-9BN1Q89" failures="0" tests="1" name="Default test" time="23.785" errors="0" timestamp="2023-04-14T18:57:44 IST">
  <testcase classname="greenKart_TestCases.gk_Order_Vegetable_Test" name="gk_searchVegetable_Order" time="2.373"/>
  <testcase classname="greenKart_TestCases.gk_Order_Vegetable_Test" name="gk_Vegetable_Order" time="0.0">
    <ignored/>
  </testcase> <!-- gk_Vegetable_Order -->
  <testcase classname="greenKart_TestCases.gk_Order_Vegetable_Test" name="gk_Invalid_Code" time="0.0">
    <ignored/>
  </testcase> <!-- gk_Invalid_Code -->
  <testcase classname="greenKart_TestCases.gk_Order_Vegetable_Test" name="gk_add_Multiple_vegetable_to_Cart" time="0.0">
    <ignored/>
  </testcase> <!-- gk_add_Multiple_vegetable_to_Cart -->
  <testcase classname="greenKart_TestCases.gk_Order_Vegetable_Test" name="gk_add_one_vegetable_to_Cart" time="0.0">
    <ignored/>
  </testcase> <!-- gk_add_one_vegetable_to_Cart -->
</testsuite> <!-- Default test -->
