<?xml version="1.0" encoding="UTF-8"?>
<!-- Generated by org.testng.reporters.JUnitXMLReporter -->
<testsuite ignored="9" hostname="1-PC0PJ1VX-2" failures="2" tests="7" name="Test" time="110.258" errors="0" timestamp="2023-04-17T15:03:31 IST">
  <testcase classname="greenKart_TestCases.gk_Oem_Test" name="title_logo_Verification_Test" time="0.828"/>
  <testcase classname="greenKart_TestCases.gk_Oem_Test" name="increase_Decrease_Veg" time="0.422"/>
  <testcase classname="greenKart_TestCases.gk_Oem_Test" name="add_all_Items" time="9.508">
    <failure type="java.lang.IndexOutOfBoundsException" message="Index 30 out of bounds for length 30">
      <![CDATA[java.lang.IndexOutOfBoundsException: Index 30 out of bounds for length 30
at java.base/jdk.internal.util.Preconditions.outOfBounds(Preconditions.java:64)
at java.base/jdk.internal.util.Preconditions.outOfBoundsCheckIndex(Preconditions.java:70)
at java.base/jdk.internal.util.Preconditions.checkIndex(Preconditions.java:248)
at java.base/java.util.Objects.checkIndex(Objects.java:372)
at java.base/java.util.ArrayList.get(ArrayList.java:459)
at org.openqa.selenium.support.pagefactory.internal.LocatingElementListHandler.invoke(LocatingElementListHandler.java:40)
at com.sun.proxy.$Proxy19.get(Unknown Source)
at greenKart_Pages.gk_HomePage.add_allItemInCart(gk_HomePage.java:175)
at greenKart_TestCases.gk_Oem_Test.add_all_Items(gk_Oem_Test.java:31)
at java.base/java.util.concurrent.ThreadPoolExecutor.runWorker(ThreadPoolExecutor.java:1128)
at java.base/java.util.concurrent.ThreadPoolExecutor$Worker.run(ThreadPoolExecutor.java:628)
at java.base/java.lang.Thread.run(Thread.java:834)
... Removed 15 stack frames]]>
    </failure>
  </testcase> <!-- add_all_Items -->
  <testcase classname="greenKart_TestCases.gk_Order_Vegetable_Test" name="gk_Vegetable_Order" time="11.417"/>
  <testcase classname="greenKart_TestCases.gk_Order_Vegetable_Test" name="gk_Invalid_Code" time="1.191">
    <failure type="org.openqa.selenium.StaleElementReferenceException" message="stale element reference: element is not attached to the page document
  (Session info: chrome=112.0.5615.86)
For documentation on this error, please visit: https://selenium.dev/exceptions/#stale_element_reference
Build info: version: &amp;apos;4.6.0&amp;apos;, revision: &amp;apos;79f1c02ae20&amp;apos;
System info: os.name: &amp;apos;Windows 10&amp;apos;, os.arch: &amp;apos;amd64&amp;apos;, os.version: &amp;apos;10.0&amp;apos;, java.version: &amp;apos;11.0.15.1&amp;apos;
Driver info: org.openqa.selenium.chrome.ChromeDriver
Command: [e14da57a5afd5daf174718637fbab23c, clickElement {id=babfdbde-4060-4d4e-94c3-e52c370e3aae}]
Capabilities {acceptInsecureCerts: false, browserName: chrome, browserVersion: 112.0.5615.86, chrome: {chromedriverVersion: 112.0.5615.49 (bd2a7bcb881c..., userDataDir: C:\Program Files (x86)\scop...}, goog:chromeOptions: {debuggerAddress: localhost:54352}, networkConnectionEnabled: false, pageLoadStrategy: normal, platformName: WINDOWS, proxy: Proxy(), se:cdp: ws://localhost:54352/devtoo..., se:cdpVersion: 112.0.5615.86, setWindowRect: true, strictFileInteractability: false, timeouts: {implicit: 0, pageLoad: 300000, script: 30000}, unhandledPromptBehavior: dismiss and notify, webauthn:extension:credBlob: true, webauthn:extension:largeBlob: true, webauthn:extension:minPinLength: true, webauthn:extension:prf: true, webauthn:virtualAuthenticators: true}
Element: [[ChromeDriver: chrome on WINDOWS (e14da57a5afd5daf174718637fbab23c)] -&amp;gt; xpath: //button[normalize-space()=&amp;apos;ADD TO CART&amp;apos;]]
Session ID: e14da57a5afd5daf174718637fbab23c">
      <![CDATA[org.openqa.selenium.StaleElementReferenceException: stale element reference: element is not attached to the page document
  (Session info: chrome=112.0.5615.86)
For documentation on this error, please visit: https://selenium.dev/exceptions/#stale_element_reference
Build info: version: '4.6.0', revision: '79f1c02ae20'
System info: os.name: 'Windows 10', os.arch: 'amd64', os.version: '10.0', java.version: '11.0.15.1'
Driver info: org.openqa.selenium.chrome.ChromeDriver
Command: [e14da57a5afd5daf174718637fbab23c, clickElement {id=babfdbde-4060-4d4e-94c3-e52c370e3aae}]
Capabilities {acceptInsecureCerts: false, browserName: chrome, browserVersion: 112.0.5615.86, chrome: {chromedriverVersion: 112.0.5615.49 (bd2a7bcb881c..., userDataDir: C:\Program Files (x86)\scop...}, goog:chromeOptions: {debuggerAddress: localhost:54352}, networkConnectionEnabled: false, pageLoadStrategy: normal, platformName: WINDOWS, proxy: Proxy(), se:cdp: ws://localhost:54352/devtoo..., se:cdpVersion: 112.0.5615.86, setWindowRect: true, strictFileInteractability: false, timeouts: {implicit: 0, pageLoad: 300000, script: 30000}, unhandledPromptBehavior: dismiss and notify, webauthn:extension:credBlob: true, webauthn:extension:largeBlob: true, webauthn:extension:minPinLength: true, webauthn:extension:prf: true, webauthn:virtualAuthenticators: true}
Element: [[ChromeDriver: chrome on WINDOWS (e14da57a5afd5daf174718637fbab23c)] -> xpath: //button[normalize-space()='ADD TO CART']]
Session ID: e14da57a5afd5daf174718637fbab23c
at org.openqa.selenium.remote.codec.w3c.W3CHttpResponseCodec.createException(W3CHttpResponseCodec.java:200)
at org.openqa.selenium.remote.codec.w3c.W3CHttpResponseCodec.decode(W3CHttpResponseCodec.java:133)
at org.openqa.selenium.remote.codec.w3c.W3CHttpResponseCodec.decode(W3CHttpResponseCodec.java:53)
at org.openqa.selenium.remote.HttpCommandExecutor.execute(HttpCommandExecutor.java:184)
at org.openqa.selenium.remote.service.DriverCommandExecutor.invokeExecute(DriverCommandExecutor.java:167)
at org.openqa.selenium.remote.service.DriverCommandExecutor.execute(DriverCommandExecutor.java:142)
at org.openqa.selenium.remote.RemoteWebDriver.execute(RemoteWebDriver.java:541)
at org.openqa.selenium.remote.RemoteWebElement.execute(RemoteWebElement.java:257)
at org.openqa.selenium.remote.RemoteWebElement.click(RemoteWebElement.java:78)
at org.openqa.selenium.support.pagefactory.internal.LocatingElementHandler.invoke(LocatingElementHandler.java:52)
at com.sun.proxy.$Proxy18.click(Unknown Source)
at greenKart_Pages.gk_HomePage.search_Veg(gk_HomePage.java:116)
at greenKart_TestCases.gk_Order_Vegetable_Test.gk_Invalid_Code(gk_Order_Vegetable_Test.java:48)
at java.base/java.util.concurrent.ThreadPoolExecutor.runWorker(ThreadPoolExecutor.java:1128)
at java.base/java.util.concurrent.ThreadPoolExecutor$Worker.run(ThreadPoolExecutor.java:628)
at java.base/java.lang.Thread.run(Thread.java:834)
... Removed 20 stack frames]]>
    </failure>
  </testcase> <!-- gk_Invalid_Code -->
  <testcase classname="greenKart_TestCases.gk_Top_Deal_Test" name="verify_Open_Topdeal" time="1.413"/>
  <testcase classname="greenKart_TestCases.gk_Top_Deal_Test" name="verify_Last_Button_Functionality" time="1.153"/>
  <testcase classname="greenKart_TestCases.gk_Order_Vegetable_Test" name="gk_add_one_vegetable_to_Cart" time="0.0">
    <ignored/>
  </testcase> <!-- gk_add_one_vegetable_to_Cart -->
  <testcase classname="greenKart_TestCases.gk_Top_Deal_Test" name="verify_Vegtable_Asending_Order" time="0.0">
    <ignored/>
  </testcase> <!-- verify_Vegtable_Asending_Order -->
  <testcase classname="greenKart_TestCases.gk_Top_Deal_Test" name="verify_Page_Menu" time="0.0">
    <ignored/>
  </testcase> <!-- verify_Page_Menu -->
  <testcase classname="greenKart_TestCases.gk_Oem_Test" name="click_On_Cart_Icon_Without_Adding_Veg" time="0.0">
    <ignored/>
  </testcase> <!-- click_On_Cart_Icon_Without_Adding_Veg -->
  <testcase classname="greenKart_TestCases.gk_Order_Vegetable_Test" name="gk_searchVegetable_Order" time="0.0">
    <ignored/>
  </testcase> <!-- gk_searchVegetable_Order -->
  <testcase classname="greenKart_TestCases.gk_Top_Deal_Test" name="verify_Search_Box_With_InvalidData" time="0.0">
    <ignored/>
  </testcase> <!-- verify_Search_Box_With_InvalidData -->
  <testcase classname="greenKart_TestCases.gk_Top_Deal_Test" name="verify_Vegtable_desending_Order" time="0.0">
    <ignored/>
  </testcase> <!-- verify_Vegtable_desending_Order -->
  <testcase classname="greenKart_TestCases.gk_Order_Vegetable_Test" name="gk_add_Multiple_vegetable_to_Cart" time="0.0">
    <ignored/>
  </testcase> <!-- gk_add_Multiple_vegetable_to_Cart -->
  <testcase classname="greenKart_TestCases.gk_Top_Deal_Test" name="verify_Search_Box_With_validData" time="0.0">
    <ignored/>
  </testcase> <!-- verify_Search_Box_With_validData -->
</testsuite> <!-- Test -->
