<?xml version="1.0" encoding="UTF-8"?>
<!-- Generated by org.testng.reporters.JUnitXMLReporter -->
<testsuite ignored="4" hostname="DESKTOP-9BN1Q89" failures="0" tests="1" name="Test(failed)" time="26.702" errors="0" timestamp="2023-04-14T19:05:28 IST">
  <testcase classname="greenKart_TestCases.gk_Order_Vegetable_Test" name="gk_Invalid_Code" time="9.394"/>
  <testcase classname="greenKart_TestCases.gk_Order_Vegetable_Test" name="gk_Vegetable_Order" time="0.0">
    <ignored/>
  </testcase> <!-- gk_Vegetable_Order -->
  <testcase classname="greenKart_TestCases.gk_Order_Vegetable_Test" name="gk_add_Multiple_vegetable_to_Cart" time="0.0">
    <ignored/>
  </testcase> <!-- gk_add_Multiple_vegetable_to_Cart -->
  <testcase classname="greenKart_TestCases.gk_Order_Vegetable_Test" name="gk_searchVegetable_Order" time="0.0">
    <ignored/>
  </testcase> <!-- gk_searchVegetable_Order -->
  <testcase classname="greenKart_TestCases.gk_Order_Vegetable_Test" name="gk_add_one_vegetable_to_Cart" time="0.0">
    <ignored/>
  </testcase> <!-- gk_add_one_vegetable_to_Cart -->
</testsuite> <!-- Test(failed) -->
