<?xml version="1.0" encoding="UTF-8"?>
<testng-results ignored="0" total="5" passed="4" failed="1" skipped="0">
  <reporter-output>
  </reporter-output>
  <suite started-at="2023-04-04T06:48:20 IST" name="Surefire suite" finished-at="2023-04-04T06:48:56 IST" duration-ms="35550">
    <groups>
    </groups>
    <test started-at="2023-04-04T06:48:20 IST" name="Surefire test" finished-at="2023-04-04T06:48:56 IST" duration-ms="35550">
      <class name="greenKart_TestCases.gk_Oem_Test">
        <test-method is-config="true" signature="initalizeBrowser()[pri:0, instance:greenKart_TestCases.gk_Oem_Test@19d37183]" started-at="2023-04-04T06:48:21 IST" name="initalizeBrowser" finished-at="2023-04-04T06:48:29 IST" duration-ms="8824" status="PASS">
          <reporter-output>
          </reporter-output>
        </test-method> <!-- initalizeBrowser -->
        <test-method signature="click_On_Cart_Icon_Without_Adding_Veg()[pri:0, instance:greenKart_TestCases.gk_Oem_Test@19d37183]" started-at="2023-04-04T06:48:29 IST" name="click_On_Cart_Icon_Without_Adding_Veg" finished-at="2023-04-04T06:48:30 IST" duration-ms="702" status="PASS">
          <reporter-output>
          </reporter-output>
        </test-method> <!-- click_On_Cart_Icon_Without_Adding_Veg -->
        <test-method is-config="true" signature="closeBrowser()[pri:0, instance:greenKart_TestCases.gk_Oem_Test@19d37183]" started-at="2023-04-04T06:48:30 IST" name="closeBrowser" finished-at="2023-04-04T06:48:31 IST" duration-ms="757" status="PASS">
          <reporter-output>
          </reporter-output>
        </test-method> <!-- closeBrowser -->
        <test-method is-config="true" signature="initalizeBrowser()[pri:0, instance:greenKart_TestCases.gk_Oem_Test@19d37183]" started-at="2023-04-04T06:48:31 IST" name="initalizeBrowser" finished-at="2023-04-04T06:48:36 IST" duration-ms="4899" status="PASS">
          <reporter-output>
          </reporter-output>
        </test-method> <!-- initalizeBrowser -->
        <test-method signature="gk_top_Deals()[pri:0, instance:greenKart_TestCases.gk_Oem_Test@19d37183]" started-at="2023-04-04T06:48:36 IST" name="gk_top_Deals" finished-at="2023-04-04T06:48:37 IST" duration-ms="1420" status="PASS">
          <reporter-output>
          </reporter-output>
        </test-method> <!-- gk_top_Deals -->
        <test-method is-config="true" signature="closeBrowser()[pri:0, instance:greenKart_TestCases.gk_Oem_Test@19d37183]" started-at="2023-04-04T06:48:37 IST" name="closeBrowser" finished-at="2023-04-04T06:48:38 IST" duration-ms="653" status="PASS">
          <reporter-output>
          </reporter-output>
        </test-method> <!-- closeBrowser -->
        <test-method is-config="true" signature="initalizeBrowser()[pri:0, instance:greenKart_TestCases.gk_Oem_Test@19d37183]" started-at="2023-04-04T06:48:38 IST" name="initalizeBrowser" finished-at="2023-04-04T06:48:43 IST" duration-ms="5103" status="PASS">
          <reporter-output>
          </reporter-output>
        </test-method> <!-- initalizeBrowser -->
        <test-method signature="increase_Decrease_Veg()[pri:0, instance:greenKart_TestCases.gk_Oem_Test@19d37183]" started-at="2023-04-04T06:48:43 IST" name="increase_Decrease_Veg" finished-at="2023-04-04T06:48:43 IST" duration-ms="457" status="PASS">
          <reporter-output>
          </reporter-output>
        </test-method> <!-- increase_Decrease_Veg -->
        <test-method is-config="true" signature="closeBrowser()[pri:0, instance:greenKart_TestCases.gk_Oem_Test@19d37183]" started-at="2023-04-04T06:48:43 IST" name="closeBrowser" finished-at="2023-04-04T06:48:44 IST" duration-ms="642" status="PASS">
          <reporter-output>
          </reporter-output>
        </test-method> <!-- closeBrowser -->
        <test-method is-config="true" signature="initalizeBrowser()[pri:0, instance:greenKart_TestCases.gk_Oem_Test@19d37183]" started-at="2023-04-04T06:48:44 IST" name="initalizeBrowser" finished-at="2023-04-04T06:48:49 IST" duration-ms="4580" status="PASS">
          <reporter-output>
          </reporter-output>
        </test-method> <!-- initalizeBrowser -->
        <test-method signature="title_logo_Verification_Test()[pri:0, instance:greenKart_TestCases.gk_Oem_Test@19d37183]" started-at="2023-04-04T06:48:49 IST" name="title_logo_Verification_Test" finished-at="2023-04-04T06:48:49 IST" duration-ms="301" status="PASS">
          <reporter-output>
          </reporter-output>
        </test-method> <!-- title_logo_Verification_Test -->
        <test-method is-config="true" signature="closeBrowser()[pri:0, instance:greenKart_TestCases.gk_Oem_Test@19d37183]" started-at="2023-04-04T06:48:49 IST" name="closeBrowser" finished-at="2023-04-04T06:48:50 IST" duration-ms="731" status="PASS">
          <reporter-output>
          </reporter-output>
        </test-method> <!-- closeBrowser -->
      </class> <!-- greenKart_TestCases.gk_Oem_Test -->
      <class name="greenKart_TestCases.gk_Order_Vegetable_Test">
        <test-method is-config="true" signature="initalizeBrowser()[pri:0, instance:greenKart_TestCases.gk_Order_Vegetable_Test@78e94dcf]" started-at="2023-04-04T06:48:50 IST" name="initalizeBrowser" finished-at="2023-04-04T06:48:54 IST" duration-ms="4309" status="PASS">
          <reporter-output>
          </reporter-output>
        </test-method> <!-- initalizeBrowser -->
        <test-method signature="gk_Invalid_Code()[pri:0, instance:greenKart_TestCases.gk_Order_Vegetable_Test@78e94dcf]" started-at="2023-04-04T06:48:54 IST" name="gk_Invalid_Code" finished-at="2023-04-04T06:48:55 IST" duration-ms="1332" status="FAIL">
          <exception class="org.openqa.selenium.StaleElementReferenceException">
            <message>
              <![CDATA[stale element reference: element is not attached to the page document
  (Session info: chrome=111.0.5563.147)
For documentation on this error, please visit: https://selenium.dev/exceptions/#stale_element_reference
Build info: version: '4.6.0', revision: '79f1c02ae20'
System info: os.name: 'Windows 11', os.arch: 'amd64', os.version: '10.0', java.version: '19.0.1'
Driver info: org.openqa.selenium.chrome.ChromeDriver
Command: [58e562c0a1d3a824e89459a13fc5bfe1, clickElement {id=f2004ce3-42ee-4ba9-9f62-a4ac501ef8e6}]
Capabilities {acceptInsecureCerts: false, browserName: chrome, browserVersion: 111.0.5563.147, chrome: {chromedriverVersion: 111.0.5563.64 (c710e93d5b63..., userDataDir: C:\Users\Admin\AppData\Loca...}, goog:chromeOptions: {debuggerAddress: localhost:54163}, networkConnectionEnabled: false, pageLoadStrategy: normal, platformName: WINDOWS, proxy: Proxy(), se:cdp: ws://localhost:54163/devtoo..., se:cdpVersion: 111.0.5563.147, setWindowRect: true, strictFileInteractability: false, timeouts: {implicit: 0, pageLoad: 300000, script: 30000}, unhandledPromptBehavior: dismiss and notify, webauthn:extension:credBlob: true, webauthn:extension:largeBlob: true, webauthn:extension:minPinLength: true, webauthn:extension:prf: true, webauthn:virtualAuthenticators: true}
Element: [[ChromeDriver: chrome on WINDOWS (58e562c0a1d3a824e89459a13fc5bfe1)] -> xpath: //button[normalize-space()='ADD TO CART']]
Session ID: 58e562c0a1d3a824e89459a13fc5bfe1]]>
            </message>
            <full-stacktrace>
              <![CDATA[org.openqa.selenium.StaleElementReferenceException: stale element reference: element is not attached to the page document
  (Session info: chrome=111.0.5563.147)
For documentation on this error, please visit: https://selenium.dev/exceptions/#stale_element_reference
Build info: version: '4.6.0', revision: '79f1c02ae20'
System info: os.name: 'Windows 11', os.arch: 'amd64', os.version: '10.0', java.version: '19.0.1'
Driver info: org.openqa.selenium.chrome.ChromeDriver
Command: [58e562c0a1d3a824e89459a13fc5bfe1, clickElement {id=f2004ce3-42ee-4ba9-9f62-a4ac501ef8e6}]
Capabilities {acceptInsecureCerts: false, browserName: chrome, browserVersion: 111.0.5563.147, chrome: {chromedriverVersion: 111.0.5563.64 (c710e93d5b63..., userDataDir: C:\Users\Admin\AppData\Loca...}, goog:chromeOptions: {debuggerAddress: localhost:54163}, networkConnectionEnabled: false, pageLoadStrategy: normal, platformName: WINDOWS, proxy: Proxy(), se:cdp: ws://localhost:54163/devtoo..., se:cdpVersion: 111.0.5563.147, setWindowRect: true, strictFileInteractability: false, timeouts: {implicit: 0, pageLoad: 300000, script: 30000}, unhandledPromptBehavior: dismiss and notify, webauthn:extension:credBlob: true, webauthn:extension:largeBlob: true, webauthn:extension:minPinLength: true, webauthn:extension:prf: true, webauthn:virtualAuthenticators: true}
Element: [[ChromeDriver: chrome on WINDOWS (58e562c0a1d3a824e89459a13fc5bfe1)] -> xpath: //button[normalize-space()='ADD TO CART']]
Session ID: 58e562c0a1d3a824e89459a13fc5bfe1
at java.base/jdk.internal.reflect.DirectConstructorHandleAccessor.newInstance(DirectConstructorHandleAccessor.java:67)
at java.base/java.lang.reflect.Constructor.newInstanceWithCaller(Constructor.java:500)
at java.base/java.lang.reflect.Constructor.newInstance(Constructor.java:484)
at org.openqa.selenium.remote.codec.w3c.W3CHttpResponseCodec.createException(W3CHttpResponseCodec.java:200)
at org.openqa.selenium.remote.codec.w3c.W3CHttpResponseCodec.decode(W3CHttpResponseCodec.java:133)
at org.openqa.selenium.remote.codec.w3c.W3CHttpResponseCodec.decode(W3CHttpResponseCodec.java:53)
at org.openqa.selenium.remote.HttpCommandExecutor.execute(HttpCommandExecutor.java:184)
at org.openqa.selenium.remote.service.DriverCommandExecutor.invokeExecute(DriverCommandExecutor.java:167)
at org.openqa.selenium.remote.service.DriverCommandExecutor.execute(DriverCommandExecutor.java:142)
at org.openqa.selenium.remote.RemoteWebDriver.execute(RemoteWebDriver.java:541)
at org.openqa.selenium.remote.RemoteWebElement.execute(RemoteWebElement.java:257)
at org.openqa.selenium.remote.RemoteWebElement.click(RemoteWebElement.java:78)
at java.base/jdk.internal.reflect.DirectMethodHandleAccessor.invoke(DirectMethodHandleAccessor.java:104)
at java.base/java.lang.reflect.Method.invoke(Method.java:578)
at org.openqa.selenium.support.pagefactory.internal.LocatingElementHandler.invoke(LocatingElementHandler.java:52)
at jdk.proxy2/jdk.proxy2.$Proxy13.click(Unknown Source)
at greenKart_Testing.gk_HomePage.search_Veg(gk_HomePage.java:108)
at greenKart_TestCases.gk_Order_Vegetable_Test.gk_Invalid_Code(gk_Order_Vegetable_Test.java:35)
at java.base/jdk.internal.reflect.DirectMethodHandleAccessor.invoke(DirectMethodHandleAccessor.java:104)
at java.base/java.lang.reflect.Method.invoke(Method.java:578)
at org.testng.internal.invokers.MethodInvocationHelper.invokeMethod(MethodInvocationHelper.java:139)
at org.testng.internal.invokers.TestInvoker.invokeMethod(TestInvoker.java:677)
at org.testng.internal.invokers.TestInvoker.invokeTestMethod(TestInvoker.java:221)
at org.testng.internal.invokers.MethodRunner.runInSequence(MethodRunner.java:50)
at org.testng.internal.invokers.TestInvoker$MethodInvocationAgent.invoke(TestInvoker.java:969)
at org.testng.internal.invokers.TestInvoker.invokeTestMethods(TestInvoker.java:194)
at org.testng.internal.invokers.TestMethodWorker.invokeTestMethods(TestMethodWorker.java:148)
at org.testng.internal.invokers.TestMethodWorker.run(TestMethodWorker.java:128)
at java.base/java.util.ArrayList.forEach(ArrayList.java:1511)
at org.testng.TestRunner.privateRun(TestRunner.java:829)
at org.testng.TestRunner.run(TestRunner.java:602)
at org.testng.SuiteRunner.runTest(SuiteRunner.java:437)
at org.testng.SuiteRunner.runSequentially(SuiteRunner.java:431)
at org.testng.SuiteRunner.privateRun(SuiteRunner.java:391)
at org.testng.SuiteRunner.run(SuiteRunner.java:330)
at org.testng.SuiteRunnerWorker.runSuite(SuiteRunnerWorker.java:52)
at org.testng.SuiteRunnerWorker.run(SuiteRunnerWorker.java:95)
at org.testng.TestNG.runSuitesSequentially(TestNG.java:1256)
at org.testng.TestNG.runSuitesLocally(TestNG.java:1176)
at org.testng.TestNG.runSuites(TestNG.java:1099)
at org.testng.TestNG.run(TestNG.java:1067)
at org.apache.maven.surefire.testng.TestNGExecutor.run(TestNGExecutor.java:135)
at org.apache.maven.surefire.testng.TestNGDirectoryTestSuite.executeMulti(TestNGDirectoryTestSuite.java:193)
at org.apache.maven.surefire.testng.TestNGDirectoryTestSuite.execute(TestNGDirectoryTestSuite.java:94)
at org.apache.maven.surefire.testng.TestNGProvider.invoke(TestNGProvider.java:146)
at org.apache.maven.surefire.booter.ForkedBooter.invokeProviderInSameClassLoader(ForkedBooter.java:384)
at org.apache.maven.surefire.booter.ForkedBooter.runSuitesInProcess(ForkedBooter.java:345)
at org.apache.maven.surefire.booter.ForkedBooter.execute(ForkedBooter.java:126)
at org.apache.maven.surefire.booter.ForkedBooter.main(ForkedBooter.java:418)
]]>
            </full-stacktrace>
          </exception> <!-- org.openqa.selenium.StaleElementReferenceException -->
          <reporter-output>
          </reporter-output>
        </test-method> <!-- gk_Invalid_Code -->
        <test-method is-config="true" signature="closeBrowser()[pri:0, instance:greenKart_TestCases.gk_Order_Vegetable_Test@78e94dcf]" started-at="2023-04-04T06:48:55 IST" name="closeBrowser" finished-at="2023-04-04T06:48:56 IST" duration-ms="699" status="PASS">
          <reporter-output>
          </reporter-output>
        </test-method> <!-- closeBrowser -->
      </class> <!-- greenKart_TestCases.gk_Order_Vegetable_Test -->
    </test> <!-- Surefire test -->
  </suite> <!-- Surefire suite -->
</testng-results>
