<?xml version="1.0" encoding="UTF-8"?>
<testng-results ignored="4" total="5" passed="1" failed="0" skipped="0">
  <reporter-output>
  </reporter-output>
  <suite started-at="2023-04-14T19:05:01 IST" name="Failed suite [Suite]" finished-at="2023-04-14T19:05:28 IST" duration-ms="26702">
    <groups>
      <group name="Smoke">
        <method signature="gk_Order_Vegetable_Test.gk_Invalid_Code()[pri:8, instance:greenKart_TestCases.gk_Order_Vegetable_Test@43f02ef2]" name="gk_Invalid_Code" class="greenKart_TestCases.gk_Order_Vegetable_Test"/>
      </group> <!-- Smoke -->
    </groups>
    <test started-at="2023-04-14T19:05:01 IST" name="Test(failed)" finished-at="2023-04-14T19:05:28 IST" duration-ms="26702">
      <class name="greenKart_TestCases.gk_Order_Vegetable_Test">
        <test-method is-config="true" signature="initalize_Browser()[pri:0, instance:greenKart_TestCases.gk_Order_Vegetable_Test@43f02ef2]" started-at="2023-04-14T19:05:01 IST" name="initalize_Browser" finished-at="2023-04-14T19:05:01 IST" duration-ms="21" status="PASS">
          <reporter-output>
          </reporter-output>
        </test-method> <!-- initalize_Browser -->
        <test-method is-config="true" signature="initalizeBrowser()[pri:0, instance:greenKart_TestCases.gk_Order_Vegetable_Test@43f02ef2]" started-at="2023-04-14T19:05:01 IST" name="initalizeBrowser" finished-at="2023-04-14T19:05:17 IST" duration-ms="15468" status="PASS">
          <reporter-output>
          </reporter-output>
        </test-method> <!-- initalizeBrowser -->
        <test-method signature="gk_Invalid_Code()[pri:8, instance:greenKart_TestCases.gk_Order_Vegetable_Test@43f02ef2]" started-at="2023-04-14T19:05:17 IST" name="gk_Invalid_Code" finished-at="2023-04-14T19:05:26 IST" duration-ms="9394" status="PASS">
          <reporter-output>
          </reporter-output>
        </test-method> <!-- gk_Invalid_Code -->
        <test-method is-config="true" signature="closeBrowser(org.testng.ITestResult)[pri:0, instance:greenKart_TestCases.gk_Order_Vegetable_Test@43f02ef2]" started-at="2023-04-14T19:05:26 IST" name="closeBrowser" finished-at="2023-04-14T19:05:28 IST" duration-ms="1684" status="PASS">
          <params>
            <param index="0">
              <value>
                <![CDATA[[TestResult name=gk_Invalid_Code status=SUCCESS method=gk_Order_Vegetable_Test.gk_Invalid_Code()[pri:8, instance:greenKart_TestCases.gk_Order_Vegetable_Test@43f02ef2] output={null}]]]>
              </value>
            </param>
          </params>
          <reporter-output>
          </reporter-output>
        </test-method> <!-- closeBrowser -->
      </class> <!-- greenKart_TestCases.gk_Order_Vegetable_Test -->
    </test> <!-- Test(failed) -->
  </suite> <!-- Failed suite [Suite] -->
</testng-results>
