<?xml version="1.0" encoding="UTF-8"?>
<testng-results ignored="0" total="1" passed="0" failed="1" skipped="0">
  <reporter-output>
  </reporter-output>
  <suite started-at="2023-04-17T19:12:31 IST" name="Default suite" finished-at="2023-04-17T19:12:56 IST" duration-ms="24606">
    <groups>
    </groups>
    <test started-at="2023-04-17T19:12:31 IST" name="Default test" finished-at="2023-04-17T19:12:56 IST" duration-ms="24606">
      <class name="greenKart_TestCases.gk_Oem_Test">
        <test-method is-config="true" signature="initalize_Browser()[pri:0, instance:greenKart_TestCases.gk_Oem_Test@383bfa16]" started-at="2023-04-17T19:12:31 IST" name="initalize_Browser" finished-at="2023-04-17T19:12:31 IST" duration-ms="21" status="PASS">
          <reporter-output>
          </reporter-output>
        </test-method> <!-- initalize_Browser -->
        <test-method is-config="true" signature="initalizeBrowser()[pri:0, instance:greenKart_TestCases.gk_Oem_Test@383bfa16]" started-at="2023-04-17T19:12:31 IST" name="initalizeBrowser" finished-at="2023-04-17T19:12:53 IST" duration-ms="22062" status="PASS">
          <reporter-output>
          </reporter-output>
        </test-method> <!-- initalizeBrowser -->
        <test-method signature="add_all_Items()[pri:0, instance:greenKart_TestCases.gk_Oem_Test@383bfa16]" started-at="2023-04-17T19:12:53 IST" name="add_all_Items" finished-at="2023-04-17T19:12:53 IST" duration-ms="24" status="FAIL">
          <exception class="java.lang.Error">
            <message>
              <![CDATA[Unresolved compilation problem: 
Unhandled exception type InterruptedException
]]>
            </message>
            <full-stacktrace>
              <![CDATA[java.lang.Error: Unresolved compilation problem: 
Unhandled exception type InterruptedException

at greenKart_TestCases.gk_Oem_Test.add_all_Items(gk_Oem_Test.java:31)
at java.base/jdk.internal.reflect.NativeMethodAccessorImpl.invoke0(Native Method)
at java.base/jdk.internal.reflect.NativeMethodAccessorImpl.invoke(NativeMethodAccessorImpl.java:62)
at java.base/jdk.internal.reflect.DelegatingMethodAccessorImpl.invoke(DelegatingMethodAccessorImpl.java:43)
at java.base/java.lang.reflect.Method.invoke(Method.java:566)
at org.testng.internal.MethodInvocationHelper.invokeMethod(MethodInvocationHelper.java:132)
at org.testng.internal.TestInvoker.invokeMethod(TestInvoker.java:599)
at org.testng.internal.TestInvoker.invokeTestMethod(TestInvoker.java:174)
at org.testng.internal.MethodRunner.runInSequence(MethodRunner.java:46)
at org.testng.internal.TestInvoker$MethodInvocationAgent.invoke(TestInvoker.java:822)
at org.testng.internal.TestInvoker.invokeTestMethods(TestInvoker.java:147)
at org.testng.internal.TestMethodWorker.invokeTestMethods(TestMethodWorker.java:146)
at org.testng.internal.TestMethodWorker.run(TestMethodWorker.java:128)
at java.base/java.util.ArrayList.forEach(ArrayList.java:1541)
at org.testng.TestRunner.privateRun(TestRunner.java:764)
at org.testng.TestRunner.run(TestRunner.java:585)
at org.testng.SuiteRunner.runTest(SuiteRunner.java:384)
at org.testng.SuiteRunner.runSequentially(SuiteRunner.java:378)
at org.testng.SuiteRunner.privateRun(SuiteRunner.java:337)
at org.testng.SuiteRunner.run(SuiteRunner.java:286)
at org.testng.SuiteRunnerWorker.runSuite(SuiteRunnerWorker.java:53)
at org.testng.SuiteRunnerWorker.run(SuiteRunnerWorker.java:96)
at org.testng.TestNG.runSuitesSequentially(TestNG.java:1218)
at org.testng.TestNG.runSuitesLocally(TestNG.java:1140)
at org.testng.TestNG.runSuites(TestNG.java:1069)
at org.testng.TestNG.run(TestNG.java:1037)
at org.testng.remote.AbstractRemoteTestNG.run(AbstractRemoteTestNG.java:115)
at org.testng.remote.RemoteTestNG.initAndRun(RemoteTestNG.java:251)
at org.testng.remote.RemoteTestNG.main(RemoteTestNG.java:77)
]]>
            </full-stacktrace>
          </exception> <!-- java.lang.Error -->
          <reporter-output>
          </reporter-output>
        </test-method> <!-- add_all_Items -->
        <test-method is-config="true" signature="closeBrowser(org.testng.ITestResult)[pri:0, instance:greenKart_TestCases.gk_Oem_Test@383bfa16]" started-at="2023-04-17T19:12:53 IST" name="closeBrowser" finished-at="2023-04-17T19:12:56 IST" duration-ms="2419" status="PASS">
          <params>
            <param index="0">
              <value>
                <![CDATA[[TestResult name=add_all_Items status=FAILURE method=gk_Oem_Test.add_all_Items()[pri:0, instance:greenKart_TestCases.gk_Oem_Test@383bfa16] output={null}]]]>
              </value>
            </param>
          </params>
          <reporter-output>
          </reporter-output>
        </test-method> <!-- closeBrowser -->
      </class> <!-- greenKart_TestCases.gk_Oem_Test -->
    </test> <!-- Default test -->
  </suite> <!-- Default suite -->
</testng-results>
